Build started 9/13/2015 6:21:48 PM.
     1>Project "C:\Users\Dali Wei\Documents\Visual Studio 2005\Projects\VirtualFunctionExample\MultipleInheritance\MultipleInheritance.vcxproj" on node 2 (build target(s)).
     1>InitializeBuildStatus:
         Creating "Debug\MultipleInheritance.unsuccessfulbuild" because "AlwaysCreate" was specified.
       ClCompile:
         All outputs are up-to-date.
         C:\Program Files (x86)\Microsoft Visual Studio 10.0\VC\bin\CL.exe /c /ZI /nologo /W3 /WX- /Od /Oy- /D WIN32 /D _DEBUG /D _CONSOLE /D _UNICODE /D UNICODE /Gm /EHsc /RTC1 /MDd /GS /fp:precise /Zc:wchar_t /Zc:forScope /Yu"StdAfx.h" /Fp"Debug\MultipleInheritance.pch" /Fo"Debug\\" /Fd"Debug\vc100.pdb" /Gd /TP /analyze- /errorReport:prompt MultipleInheritance.cpp Radio.cpp Receiver.cpp Storable.cpp Transmitter.cpp
         MultipleInheritance.cpp
     1>c:\users\dali wei\documents\visual studio 2005\projects\virtualfunctionexample\multipleinheritance\multipleinheritance.cpp(15): error C2594: 'initializing' : ambiguous conversions from 'Radio *' to 'Storable *'
         Generating Code...
         Compiling...
         Radio.cpp
         Generating Code...
         Compiling...
         Transmitter.cpp
         Storable.cpp
         Receiver.cpp
         Generating Code...
     1>Done Building Project "C:\Users\Dali Wei\Documents\Visual Studio 2005\Projects\VirtualFunctionExample\MultipleInheritance\MultipleInheritance.vcxproj" (build target(s)) -- FAILED.

Build FAILED.

Time Elapsed 00:00:01.41
